<?xml version="1.0" encoding="UTF-8"?>
<testng-results ignored="0" total="2" passed="2" failed="0" skipped="0">
  <reporter-output>
  </reporter-output>
  <suite started-at="2022-01-25T15:55:18 IST" name="Default suite" finished-at="2022-01-25T15:55:19 IST" duration-ms="200">
    <groups>
    </groups>
    <test started-at="2022-01-25T15:55:18 IST" name="Default test" finished-at="2022-01-25T15:55:19 IST" duration-ms="200">
      <class name="cratorgTest.CreatOrgTest">
        <test-method signature="craetOrgWithIndustry()[pri:0, instance:cratorgTest.CreatOrgTest@29e495ff]" started-at="2022-01-25T15:55:19 IST" name="craetOrgWithIndustry" finished-at="2022-01-25T15:55:19 IST" duration-ms="31" status="PASS">
          <reporter-output>
          </reporter-output>
        </test-method> <!-- craetOrgWithIndustry -->
        <test-method signature="creatOrgTest()[pri:0, instance:cratorgTest.CreatOrgTest@29e495ff]" started-at="2022-01-25T15:55:19 IST" name="creatOrgTest" finished-at="2022-01-25T15:55:19 IST" duration-ms="6" status="PASS">
          <reporter-output>
          </reporter-output>
        </test-method> <!-- creatOrgTest -->
      </class> <!-- cratorgTest.CreatOrgTest -->
    </test> <!-- Default test -->
  </suite> <!-- Default suite -->
</testng-results>
